#
# There is insufficient memory for the Java Runtime Environment to continue.
# Native memory allocation (mmap) failed to map 266338304 bytes for G1 virtual space
# Possible reasons:
#   The system is out of physical RAM or swap space
#   The process is running with CompressedOops enabled, and the Java Heap may be blocking the growth of the native heap
# Possible solutions:
#   Reduce memory load on the system
#   Increase physical memory or swap space
#   Check if swap backing store is full
#   Decrease Java heap size (-Xmx/-Xms)
#   Decrease number of Java threads
#   Decrease Java thread stack sizes (-Xss)
#   Set larger code cache with -XX:ReservedCodeCacheSize=
#   JVM is running with Zero Based Compressed Oops mode in which the Java heap is
#     placed in the first 32GB address space. The Java Heap base address is the
#     maximum limit for the native heap growth. Please use -XX:HeapBaseMinAddress
#     to set the Java Heap base and to place the Java Heap above 32GB virtual address.
# This output file may be truncated or incomplete.
#
#  Out of Memory Error (os_windows.cpp:3466), pid=17580, tid=17460
#
# JRE version:  (16.0.2+7) (build )
# Java VM: OpenJDK 64-Bit Server VM (16.0.2+7, mixed mode, sharing, tiered, compressed oops, compressed class ptrs, g1 gc, windows-amd64)
# No core dump will be written. Minidumps are not enabled by default on client versions of Windows
#

---------------  S U M M A R Y ------------

Command Line: -javaagent:C:\Program Files\JetBrains\IntelliJ IDEA Community Edition 2022.2.3\lib\idea_rt.jar=56319:C:\Program Files\JetBrains\IntelliJ IDEA Community Edition 2022.2.3\bin -Dfile.encoding=UTF-8 main

Host: 12th Gen Intel(R) Core(TM) i5-12400F, 12 cores, 15G,  Windows 10 , 64 bit Build 19041 (10.0.19041.3636)
Time: Tue Mar 19 15:57:21 2024 Hora estándar romance elapsed time: 0.008133 seconds (0d 0h 0m 0s)

---------------  T H R E A D  ---------------

Current thread (0x0000000002b5af30):  JavaThread "Unknown thread" [_thread_in_vm, id=17460, stack(0x0000000002240000,0x0000000002340000)]

Stack: [0x0000000002240000,0x0000000002340000]
Native frames: (J=compiled Java code, j=interpreted, Vv=VM code, C=native code)
V  [jvm.dll+0x647e0a]
V  [jvm.dll+0x7f0549]
V  [jvm.dll+0x7f1cfe]
V  [jvm.dll+0x7f2343]
V  [jvm.dll+0x23dd88]
V  [jvm.dll+0x644b4a]
V  [jvm.dll+0x639795]
V  [jvm.dll+0x2f66f9]
V  [jvm.dll+0x2fd516]
V  [jvm.dll+0x34999a]
V  [jvm.dll+0x349bdf]
V  [jvm.dll+0x2cc918]
V  [jvm.dll+0x2cdb49]
V  [jvm.dll+0x7c4431]
V  [jvm.dll+0x356ee1]
V  [jvm.dll+0x7a30b0]
V  [jvm.dll+0x3d4c55]
V  [jvm.dll+0x3d69f1]
C  [jli.dll+0x5243]
C  [ucrtbase.dll+0x21bb2]
C  [KERNEL32.DLL+0x17344]
C  [ntdll.dll+0x526b1]


---------------  P R O C E S S  ---------------

Threads class SMR info:
_java_thread_list=0x00007ffcb77173d8, length=0, elements={
}

Java Threads: ( => current thread )

Other Threads:
  0x0000000002baa520 GCTaskThread "GC Thread#0" [stack: 0x0000000024150000,0x0000000024250000] [id=2384]
  0x0000000002bbd350 ConcurrentGCThread "G1 Main Marker" [stack: 0x0000000024250000,0x0000000024350000] [id=12028]
  0x0000000002bbddc0 ConcurrentGCThread "G1 Conc#0" [stack: 0x0000000024350000,0x0000000024450000] [id=3452]

[error occurred during error reporting (printing all threads), id 0xc0000005, EXCEPTION_ACCESS_VIOLATION (0xc0000005) at pc=0x00007ffcb6e8e207]

VM state: not at safepoint (not fully initialized)

VM Mutex/Monitor currently owned by a thread:  ([mutex/lock_event])
[0x0000000002b54d60] Heap_lock - owner thread: 0x0000000002b5af30

Heap address: 0x0000000702200000, size: 4062 MB, Compressed Oops mode: Zero based, Oop shift amount: 3

CDS archive(s) mapped at: [0x0000000000000000-0x0000000000000000-0x0000000000000000), size 0, SharedBaseAddress: 0x0000000800000000, ArchiveRelocationMode: 0.
Narrow klass base: 0x0000000000000000, Narrow klass shift: 0, Narrow klass range: 0x0

GC Precious Log:
<Empty>

Heap:
 garbage-first heap   total 0K, used 0K [0x0000000702200000, 0x0000000800000000)
  region size 2048K, 0 young (0K), 0 survivors (0K)

[error occurred during error reporting (printing heap information), id 0xc0000005, EXCEPTION_ACCESS_VIOLATION (0xc0000005) at pc=0x00007ffcb724ff7d]

GC Heap History (0 events):
No events

Deoptimization events (0 events):
No events

Classes unloaded (0 events):
No events

Classes redefined (0 events):
No events

Internal exceptions (0 events):
No events

Events (1 events):
Event: 0.005 Loaded shared library C:\Users\User\.jdks\corretto-16.0.2\bin\java.dll


Dynamic libraries:
0x00007ff71ff20000 - 0x00007ff71ff2d000 	C:\Users\User\.jdks\corretto-16.0.2\bin\java.exe
0x00007ffd162f0000 - 0x00007ffd164e8000 	C:\Windows\SYSTEM32\ntdll.dll
0x00007ffd150f0000 - 0x00007ffd151ad000 	C:\Windows\System32\KERNEL32.DLL
0x00007ffd13a80000 - 0x00007ffd13d76000 	C:\Windows\System32\KERNELBASE.dll
0x00007ffd14030000 - 0x00007ffd14130000 	C:\Windows\System32\ucrtbase.dll
0x00007ffd00170000 - 0x00007ffd00185000 	C:\Users\User\.jdks\corretto-16.0.2\bin\VCRUNTIME140.dll
0x00007ffd01350000 - 0x00007ffd01368000 	C:\Users\User\.jdks\corretto-16.0.2\bin\jli.dll
0x00007ffd14f50000 - 0x00007ffd150ee000 	C:\Windows\System32\USER32.dll
0x00007ffd13a50000 - 0x00007ffd13a72000 	C:\Windows\System32\win32u.dll
0x00007ffd01e40000 - 0x00007ffd020da000 	C:\Windows\WinSxS\amd64_microsoft.windows.common-controls_6595b64144ccf1df_6.0.19041.3636_none_60b6a03d71f818d5\COMCTL32.dll
0x00007ffd15690000 - 0x00007ffd156bb000 	C:\Windows\System32\GDI32.dll
0x00007ffd151b0000 - 0x00007ffd1524e000 	C:\Windows\System32\msvcrt.dll
0x00007ffd13f10000 - 0x00007ffd14027000 	C:\Windows\System32\gdi32full.dll
0x00007ffd14280000 - 0x00007ffd1431d000 	C:\Windows\System32\msvcp_win.dll
0x00007ffd15490000 - 0x00007ffd154c2000 	C:\Windows\System32\IMM32.DLL
0x00007ffce8e60000 - 0x00007ffce8efb000 	C:\Users\User\.jdks\corretto-16.0.2\bin\msvcp140.dll
0x00007ffcb6bb0000 - 0x00007ffcb77b9000 	C:\Users\User\.jdks\corretto-16.0.2\bin\server\jvm.dll
0x00007ffd14dc0000 - 0x00007ffd14e70000 	C:\Windows\System32\ADVAPI32.dll
0x00007ffd15ce0000 - 0x00007ffd15d80000 	C:\Windows\System32\sechost.dll
0x00007ffd14380000 - 0x00007ffd144a5000 	C:\Windows\System32\RPCRT4.dll
0x00007ffd13ee0000 - 0x00007ffd13f07000 	C:\Windows\System32\bcrypt.dll
0x00007ffd157e0000 - 0x00007ffd157e8000 	C:\Windows\System32\PSAPI.DLL
0x00007ffced7f0000 - 0x00007ffced7f9000 	C:\Windows\SYSTEM32\WSOCK32.dll
0x00007ffd0c070000 - 0x00007ffd0c07a000 	C:\Windows\SYSTEM32\VERSION.dll
0x00007ffd05010000 - 0x00007ffd05037000 	C:\Windows\SYSTEM32\WINMM.dll
0x00007ffd15c70000 - 0x00007ffd15cdb000 	C:\Windows\System32\WS2_32.dll
0x00007ffd11870000 - 0x00007ffd11882000 	C:\Windows\SYSTEM32\kernel.appcore.dll
0x00007ffd0d1f0000 - 0x00007ffd0d1fa000 	C:\Users\User\.jdks\corretto-16.0.2\bin\jimage.dll
0x00007ffd0b020000 - 0x00007ffd0b204000 	C:\Windows\SYSTEM32\DBGHELP.DLL
0x00007ffd0af20000 - 0x00007ffd0af54000 	C:\Windows\SYSTEM32\dbgcore.DLL
0x00007ffd14130000 - 0x00007ffd141b2000 	C:\Windows\System32\bcryptPrimitives.dll
0x00007ffd0c370000 - 0x00007ffd0c37e000 	C:\Users\User\.jdks\corretto-16.0.2\bin\instrument.dll
0x00007ffcece80000 - 0x00007ffcecea5000 	C:\Users\User\.jdks\corretto-16.0.2\bin\java.dll

dbghelp: loaded successfully - version: 4.0.5 - missing functions: none
symbol engine: initialized successfully - sym options: 0x614 - pdb path: .;C:\Users\User\.jdks\corretto-16.0.2\bin;C:\Windows\SYSTEM32;C:\Windows\WinSxS\amd64_microsoft.windows.common-controls_6595b64144ccf1df_6.0.19041.3636_none_60b6a03d71f818d5;C:\Users\User\.jdks\corretto-16.0.2\bin\server

VM Arguments:
jvm_args: -javaagent:C:\Program Files\JetBrains\IntelliJ IDEA Community Edition 2022.2.3\lib\idea_rt.jar=56319:C:\Program Files\JetBrains\IntelliJ IDEA Community Edition 2022.2.3\bin -Dfile.encoding=UTF-8 
java_command: main
java_class_path (initial): C:\Users\User\IdeaProjects\Liga Manager\target\classes
Launcher Type: SUN_STANDARD

[Global flags]
     intx CICompilerCount                          = 4                                         {product} {ergonomic}
     uint ConcGCThreads                            = 3                                         {product} {ergonomic}
     uint G1ConcRefinementThreads                  = 10                                        {product} {ergonomic}
   size_t G1HeapRegionSize                         = 2097152                                   {product} {ergonomic}
    uintx GCDrainStackTargetSize                   = 64                                        {product} {ergonomic}
   size_t InitialHeapSize                          = 266338304                                 {product} {ergonomic}
   size_t MarkStackSize                            = 4194304                                   {product} {ergonomic}
   size_t MaxHeapSize                              = 4259315712                                {product} {ergonomic}
   size_t MinHeapDeltaBytes                        = 2097152                                   {product} {ergonomic}
   size_t MinHeapSize                              = 8388608                                   {product} {ergonomic}
    uintx NonNMethodCodeHeapSize                   = 5839372                                {pd product} {ergonomic}
    uintx NonProfiledCodeHeapSize                  = 122909434                              {pd product} {ergonomic}
    uintx ProfiledCodeHeapSize                     = 122909434                              {pd product} {ergonomic}
    uintx ReservedCodeCacheSize                    = 251658240                              {pd product} {ergonomic}
     bool SegmentedCodeCache                       = true                                      {product} {ergonomic}
   size_t SoftMaxHeapSize                          = 4259315712                             {manageable} {ergonomic}
     bool UseCompressedClassPointers               = true                           {product lp64_product} {ergonomic}
     bool UseCompressedOops                        = true                           {product lp64_product} {ergonomic}
     bool UseG1GC                                  = true                                      {product} {ergonomic}
     bool UseLargePagesIndividualAllocation        = false                                  {pd product} {ergonomic}

Logging:
Log output configuration:
 #0: stdout all=warning uptime,level,tags
 #1: stderr all=off uptime,level,tags

Environment Variables:
PATH=C:\Program Files (x86)\Common Files\Oracle\Java\javapath;C:\Windows\system32;C:\Windows;C:\Windows\System32\Wbem;C:\Windows\System32\WindowsPowerShell\v1.0\;C:\Windows\System32\OpenSSH\;C:\Program Files (x86)\NVIDIA Corporation\PhysX\Common;C:\Program Files\Git\cmd;C:\Program Files\AutoFirma\AutoFirma;C:\Program Files\dotnet\;C:\Program Files\MySQL\MySQL Shell 8.0\bin\;C:\Users\User\AppData\Local\Microsoft\WindowsApps;;C:\Program Files\JetBrains\IntelliJ IDEA Community Edition 2022.2.3\bin;;C:\Users\User\AppData\Local\Programs\Microsoft VS Code\bin
USERNAME=User
OS=Windows_NT
PROCESSOR_IDENTIFIER=Intel64 Family 6 Model 151 Stepping 2, GenuineIntel



---------------  S Y S T E M  ---------------

OS:
 Windows 10 , 64 bit Build 19041 (10.0.19041.3636)
OS uptime: 3 days 20:28 hours

CPU: total 12 (initial active 12) (6 cores per cpu, 2 threads per core) family 6 model 151 stepping 2 microcode 0x18, cx8, cmov, fxsr, ht, mmx, 3dnowpref, sse, sse2, sse3, ssse3, sse4.1, sse4.2, popcnt, lzcnt, tsc, tscinvbit, avx, avx2, aes, erms, clmul, bmi1, bmi2, adx, sha, fma, vzeroupper, clflush, clflushopt, clwb

Memory: 4k page, system-wide physical 16241M (3027M free)
TotalPageFile size 18289M (AvailPageFile size 28M)
current process WorkingSet (physical memory assigned to process): 10M, peak: 10M
current process commit charge ("private bytes"): 64M, peak: 318M

vm_info: OpenJDK 64-Bit Server VM (16.0.2+7) for windows-amd64 JRE (16.0.2+7), built on Jul 22 2021 01:11:46 by "Administrator" with MS VC++ 15.9 (VS2017)

END.
